<?xml version="1.0" encoding="UTF-8"?>
<!-- Generated by org.testng.reporters.JUnitReportReporter -->
<testsuite skipped="0" hostname="DellLaptop" name="com.tests.TestCase_001" tests="1" failures="0" timestamp="25 Apr 2018 14:18:35 GMT" time="55.735" errors="0">
  <testcase name="testCase_01" time="55.735" classname="com.tests.TestCase_001"/>
</testsuite> <!-- com.tests.TestCase_001 -->
