<?xml version="1.0" encoding="UTF-8"?>
<!-- Generated by org.testng.reporters.JUnitReportReporter -->
<testsuite skipped="0" hostname="DellLaptop" name="TestCase_001" tests="1" failures="0" timestamp="25 Apr 2018 13:50:34 GMT" time="56.416" errors="0">
  <testcase name="testCase_01" time="56.416" classname="TestCase_001"/>
</testsuite> <!-- TestCase_001 -->
